<?xml version="1.0" encoding="UTF-8"?>
<testng-results ignored="0" total="1" passed="1" failed="0" skipped="0">
  <reporter-output>
  </reporter-output>
  <suite started-at="2020-01-24T13:56:33 EST" name="Surefire suite" finished-at="2020-01-24T13:56:33 EST" duration-ms="47">
    <groups>
    </groups>
    <test started-at="2020-01-24T13:56:33 EST" name="Surefire test" finished-at="2020-01-24T13:56:33 EST" duration-ms="47">
      <class name="qaclickacademy.SeleniumTest">
        <test-method signature="BrowserAutomation()[pri:0, instance:qaclickacademy.SeleniumTest@d6da883]" started-at="2020-01-24T13:56:33 EST" name="BrowserAutomation" finished-at="2020-01-24T13:56:33 EST" duration-ms="4" status="PASS">
          <reporter-output>
          </reporter-output>
        </test-method> <!-- BrowserAutomation -->
      </class> <!-- qaclickacademy.SeleniumTest -->
    </test> <!-- Surefire test -->
  </suite> <!-- Surefire suite -->
</testng-results>
